libffi-config.sh: line 2: make: command not found
checking build system type... i686-pc-mingw32
checking host system type... i686-pc-mingw32
checking target system type... i686-pc-mingw32
configure: toplevel srcdir already configured... skipping subdir build
checking for gsed... sed
checking for a BSD-compatible install... ./install-sh -c
checking whether build environment is sane... yes
checking for a thread-safe mkdir -p... /bin/mkdir -p
checking for gawk... gawk
checking whether make sets $(MAKE)... no
checking for gcc... gcc
checking whether the C compiler works... yes
checking for C compiler default output file name... a.exe
checking for suffix of executables... .exe
checking whether we are cross compiling... no
checking for suffix of object files... o
checking whether we are using the GNU C compiler... yes
checking whether gcc accepts -g... yes
checking for gcc option to accept ISO C89... none needed
checking for style of include used by make... none
checking dependency style of gcc... none
checking dependency style of gcc... none
checking whether gcc and cc understand -c and -o together... yes
configure: WARNING: Libtool does not cope well with whitespace in `pwd`
checking how to print strings... printf
checking for a sed that does not truncate output... /bin/sed
checking for grep that handles long lines and -e... /bin/grep
checking for egrep... /bin/grep -E
checking for fgrep... /bin/grep -F
checking for ld used by gcc... c:/mingw32/mingw32/bin/ld.exe
checking if the linker (c:/mingw32/mingw32/bin/ld.exe) is GNU ld... yes
checking for BSD- or MS-compatible name lister (nm)... /c/MinGW32/bin/nm
checking the name lister (/c/MinGW32/bin/nm) interface... BSD nm
checking whether ln -s works... no, using cp -p
checking the maximum length of command line arguments... 8192
checking whether the shell understands some XSI constructs... yes
checking whether the shell understands "+="... yes
checking how to convert i686-pc-mingw32 file names to i686-pc-mingw32 format... func_convert_file_msys_to_w32
checking how to convert i686-pc-mingw32 file names to toolchain format... func_convert_file_msys_to_w32
checking for c:/mingw32/mingw32/bin/ld.exe option to reload object files... -r
checking for objdump... objdump
checking how to recognize dependent libraries... file_magic file format (pei*-i386(.*architecture: i386)?|pe-arm-wince|pe-x86-64)
checking for dlltool... dlltool
checking how to associate runtime and link libraries... func_cygming_dll_for_implib
checking for ar... ar
checking for archiver @FILE support... @
checking for strip... strip
checking for ranlib... ranlib
checking command to parse /c/MinGW32/bin/nm output from gcc object... ok
checking for sysroot... no
checking for mt... mt
checking if mt is a manifest tool... yes
checking how to run the C preprocessor... gcc -E
checking for ANSI C header files... yes
checking for sys/types.h... yes
checking for sys/stat.h... yes
checking for stdlib.h... yes
checking for string.h... yes
checking for memory.h... yes
checking for strings.h... yes
checking for inttypes.h... yes
checking for stdint.h... yes
checking for unistd.h... yes
checking for dlfcn.h... no
checking for objdir... .libs
checking if gcc supports -fno-rtti -fno-exceptions... no
checking for gcc option to produce PIC... -DDLL_EXPORT -DPIC
checking if gcc PIC flag -DDLL_EXPORT -DPIC works... yes
checking if gcc static flag -static works... yes
checking if gcc supports -c -o file.o... yes
checking if gcc supports -c -o file.o... (cached) yes
checking whether the gcc linker (c:/mingw32/mingw32/bin/ld.exe) supports shared libraries... yes
checking dynamic linker characteristics... Win32 ld.exe
checking how to hardcode library paths into programs... immediate
checking whether stripping libraries is possible... yes
checking if libtool supports shared libraries... yes
checking whether to build shared libraries... no
checking whether to build static libraries... yes
checking for C compiler vendor... gnu
checking whether C compiler accepts -malign-double... yes
checking whether C compiler accepts -fstrict-aliasing... yes
checking whether C compiler accepts -ffast-math... yes
checking for gcc architecture flag... 
checking for x86 cpuid 0 output... a:756e6547:6c65746e:49656e69
checking for x86 cpuid 1 output... 6fd:20800:e39d:bfebfbff
checking whether C compiler accepts -march=pentiumpro... yes
checking for gcc architecture flag... -march=pentiumpro
checking whether C compiler accepts -O3 -fomit-frame-pointer -malign-double -fstrict-aliasing -ffast-math -march=pentiumpro... yes
checking CFLAGS for maximum warnings... -Wall
checking whether to enable maintainer-specific portions of Makefiles... no
checking sys/mman.h usability... no
checking sys/mman.h presence... no
checking for sys/mman.h... no
checking for mmap... no
checking for sys/mman.h... (cached) no
checking for mmap... (cached) no
checking for ANSI C header files... (cached) yes
checking for memcpy... yes
checking for size_t... yes
checking for working alloca.h... no
checking for alloca... yes
checking size of double... 8
checking size of long double... 12
checking whether byte ordering is bigendian... no
checking assembler .cfi pseudo-op support... yes
checking assembler supports pc related relocs... yes
checking assembler .ascii pseudo-op support... yes
checking assembler .string pseudo-op support... yes
checking whether .eh_frame section should be read-only... no
checking for __attribute__((visibility("hidden")))... no
configure: creating ./config.status
config.status: creating include/Makefile
config.status: creating include/ffi.h
config.status: creating Makefile
config.status: creating testsuite/Makefile
config.status: creating man/Makefile
config.status: creating libffi.pc
config.status: creating fficonfig.h
config.status: fficonfig.h is unchanged
config.status: linking src/x86/ffitarget.h to include/ffitarget.h
config.status: executing buildir commands
config.status: keeping top_srcdir/Makefile from earlier configure
config.status: build in no (HOST=)
config.status: executing depfiles commands
config.status: executing libtool commands
config.status: executing include commands
config.status: executing src commands
